<?xml version="1.0" encoding="UTF-8"?>
<!-- Generated by org.testng.reporters.JUnitXMLReporter -->
<testsuite hostname="ip-172-31-0-156" name="UserLaunchCourse" tests="4" failures="0" timestamp="5 Sep 2022 05:02:20 GMT" time="3.65" errors="0">
  <testcase name="@BeforeClass launch" time="0.0" classname="DemoYouFactors.DemoYouFactors.UserLaunch">
    <failure type="org.openqa.selenium.WebDriverException" message="unknown error: cannot find Chrome binary
Build info: version: &amp;apos;3.141.59&amp;apos;, revision: &amp;apos;e82be7d358&amp;apos;, time: &amp;apos;2018-11-14T08:17:03&amp;apos;
System info: host: &amp;apos;ip-172-31-0-156&amp;apos;, ip: &amp;apos;172.31.0.156&amp;apos;, os.name: &amp;apos;Linux&amp;apos;, os.arch: &amp;apos;amd64&amp;apos;, os.version: &amp;apos;5.13.0-1029-aws&amp;apos;, java.version: &amp;apos;1.8.0_342&amp;apos;
Driver info: driver.version: ChromeDriver
remote stacktrace: #0 0x556ef557d693 &amp;lt;unknown&amp;gt;
#1 0x556ef5376b0a &amp;lt;unknown&amp;gt;
#2 0x556ef539946e &amp;lt;unknown&amp;gt;
#3 0x556ef53971f4 &amp;lt;unknown&amp;gt;
#4 0x556ef53d2953 &amp;lt;unknown&amp;gt;
#5 0x556ef53cc743 &amp;lt;unknown&amp;gt;
#6 0x556ef53a2533 &amp;lt;unknown&amp;gt;
#7 0x556ef53a3715 &amp;lt;unknown&amp;gt;
#8 0x556ef55cd7bd &amp;lt;unknown&amp;gt;
#9 0x556ef55d0bf9 &amp;lt;unknown&amp;gt;
#10 0x556ef55b2f2e &amp;lt;unknown&amp;gt;
#11 0x556ef55d19b3 &amp;lt;unknown&amp;gt;
#12 0x556ef55a6e4f &amp;lt;unknown&amp;gt;
#13 0x556ef55f0ea8 &amp;lt;unknown&amp;gt;
#14 0x556ef55f1052 &amp;lt;unknown&amp;gt;
#15 0x556ef560b71f &amp;lt;unknown&amp;gt;
#16 0x7fa0b9aa0609 &amp;lt;unknown&amp;gt;
">
      <![CDATA[org.openqa.selenium.WebDriverException: unknown error: cannot find Chrome binary
Build info: version: '3.141.59', revision: 'e82be7d358', time: '2018-11-14T08:17:03'
System info: host: 'ip-172-31-0-156', ip: '172.31.0.156', os.name: 'Linux', os.arch: 'amd64', os.version: '5.13.0-1029-aws', java.version: '1.8.0_342'
Driver info: driver.version: ChromeDriver
remote stacktrace: #0 0x556ef557d693 <unknown>
#1 0x556ef5376b0a <unknown>
#2 0x556ef539946e <unknown>
#3 0x556ef53971f4 <unknown>
#4 0x556ef53d2953 <unknown>
#5 0x556ef53cc743 <unknown>
#6 0x556ef53a2533 <unknown>
#7 0x556ef53a3715 <unknown>
#8 0x556ef55cd7bd <unknown>
#9 0x556ef55d0bf9 <unknown>
#10 0x556ef55b2f2e <unknown>
#11 0x556ef55d19b3 <unknown>
#12 0x556ef55a6e4f <unknown>
#13 0x556ef55f0ea8 <unknown>
#14 0x556ef55f1052 <unknown>
#15 0x556ef560b71f <unknown>
#16 0x7fa0b9aa0609 <unknown>

	at org.openqa.selenium.remote.W3CHandshakeResponse.lambda$errorHandler$0(W3CHandshakeResponse.java:62)
	at org.openqa.selenium.remote.HandshakeResponse.lambda$getResponseFunction$0(HandshakeResponse.java:30)
	at org.openqa.selenium.remote.ProtocolHandshake.lambda$createSession$0(ProtocolHandshake.java:126)
	at java.util.stream.ReferencePipeline$3$1.accept(ReferencePipeline.java:193)
	at java.util.Spliterators$ArraySpliterator.tryAdvance(Spliterators.java:958)
	at java.util.stream.ReferencePipeline.forEachWithCancel(ReferencePipeline.java:126)
	at java.util.stream.AbstractPipeline.copyIntoWithCancel(AbstractPipeline.java:499)
	at java.util.stream.AbstractPipeline.copyInto(AbstractPipeline.java:486)
	at java.util.stream.AbstractPipeline.wrapAndCopyInto(AbstractPipeline.java:472)
	at java.util.stream.FindOps$FindOp.evaluateSequential(FindOps.java:152)
	at java.util.stream.AbstractPipeline.evaluate(AbstractPipeline.java:234)
	at java.util.stream.ReferencePipeline.findFirst(ReferencePipeline.java:531)
	at org.openqa.selenium.remote.ProtocolHandshake.createSession(ProtocolHandshake.java:128)
	at org.openqa.selenium.remote.ProtocolHandshake.createSession(ProtocolHandshake.java:74)
	at org.openqa.selenium.remote.HttpCommandExecutor.execute(HttpCommandExecutor.java:136)
	at org.openqa.selenium.remote.service.DriverCommandExecutor.execute(DriverCommandExecutor.java:83)
	at org.openqa.selenium.remote.RemoteWebDriver.execute(RemoteWebDriver.java:552)
	at org.openqa.selenium.remote.RemoteWebDriver.startSession(RemoteWebDriver.java:213)
	at org.openqa.selenium.remote.RemoteWebDriver.<init>(RemoteWebDriver.java:131)
	at org.openqa.selenium.chrome.ChromeDriver.<init>(ChromeDriver.java:181)
	at org.openqa.selenium.chrome.ChromeDriver.<init>(ChromeDriver.java:168)
	at org.openqa.selenium.chrome.ChromeDriver.<init>(ChromeDriver.java:123)
	at demoIntializer.Browser.LaunchBrowser(Browser.java:71)
	at DemoYouFactors.DemoYouFactors.UserLaunch.launch(UserLaunch.java:54)
... Removed 31 stack frames]]>
    </failure>
  </testcase> <!-- @BeforeClass launch -->
  <testcase name="@BeforeMethod excel" time="0.0" classname="DemoYouFactors.DemoYouFactors.UserLaunch">
    <skipped/>
  </testcase> <!-- @BeforeMethod excel -->
  <testcase name="@AfterMethod teardown" time="0.0" classname="DemoYouFactors.DemoYouFactors.UserLaunch">
    <skipped/>
  </testcase> <!-- @AfterMethod teardown -->
  <testcase name="@BeforeMethod excel" time="0.0" classname="DemoYouFactors.DemoYouFactors.UserLaunch">
    <skipped/>
  </testcase> <!-- @BeforeMethod excel -->
  <testcase name="@AfterMethod teardown" time="0.0" classname="DemoYouFactors.DemoYouFactors.UserLaunch">
    <skipped/>
  </testcase> <!-- @AfterMethod teardown -->
  <testcase name="@BeforeMethod excel" time="0.0" classname="DemoYouFactors.DemoYouFactors.UserLaunch">
    <skipped/>
  </testcase> <!-- @BeforeMethod excel -->
  <testcase name="@AfterMethod teardown" time="0.0" classname="DemoYouFactors.DemoYouFactors.UserLaunch">
    <skipped/>
  </testcase> <!-- @AfterMethod teardown -->
  <testcase name="@BeforeMethod excel" time="0.0" classname="DemoYouFactors.DemoYouFactors.UserLaunch">
    <skipped/>
  </testcase> <!-- @BeforeMethod excel -->
  <testcase name="@AfterMethod teardown" time="0.0" classname="DemoYouFactors.DemoYouFactors.UserLaunch">
    <skipped/>
  </testcase> <!-- @AfterMethod teardown -->
  <testcase name="@AfterClass endtest" time="0.0" classname="DemoYouFactors.DemoYouFactors.UserLaunch">
    <skipped/>
  </testcase> <!-- @AfterClass endtest -->
  <testcase name="ALogin" time="0.001" classname="DemoYouFactors.DemoYouFactors.UserLaunch">
    <skipped/>
  </testcase> <!-- ALogin -->
  <testcase name="AddUserAssignCourse" time="0.0" classname="DemoYouFactors.DemoYouFactors.UserLaunch">
    <skipped/>
  </testcase> <!-- AddUserAssignCourse -->
  <testcase name="AdminLogout" time="0.003" classname="DemoYouFactors.DemoYouFactors.UserLaunch">
    <skipped/>
  </testcase> <!-- AdminLogout -->
  <testcase name="UserCourseComplete" time="0.001" classname="DemoYouFactors.DemoYouFactors.UserLaunch">
    <skipped/>
  </testcase> <!-- UserCourseComplete -->
</testsuite> <!-- UserLaunchCourse -->
