<?xml version="1.0" encoding="UTF-8"?>
<!-- Generated by org.testng.reporters.JUnitReportReporter -->
<testsuite hostname="ip-172-31-0-156" name="DemoYouFactors.DemoYouFactors.UserLaunch" tests="4" failures="0" timestamp="5 Sep 2022 05:02:21 GMT" time="0.005" errors="4">
  <testcase name="AddUserAssignCourse" time="0.000" classname="DemoYouFactors.DemoYouFactors.UserLaunch">
    <error type="org.openqa.selenium.WebDriverException" message="unknown error: cannot find Chrome binary
Build info: version: &#039;3.141.59&#039;, revision: &#039;e82be7d358&#039;, time: &#039;2018-11-14T08:17:03&#039;
System info: host: &#039;ip-172-31-0-156&#039;, ip: &#039;172.31.0.156&#039;, os.name: &#039;Linux&#039;, os.arch: &#039;amd64&#039;, os.version: &#039;5.13.0-1029-aws&#039;, java.version: &#039;1.8.0_342&#039;
Driver info: driver.version: ChromeDriver
remote stacktrace: #0 0x556ef557d693 &lt;unknown&gt;
#1 0x556ef5376b0a &lt;unknown&gt;
#2 0x556ef539946e &lt;unknown&gt;
#3 0x556ef53971f4 &lt;unknown&gt;
#4 0x556ef53d2953 &lt;unknown&gt;
#5 0x556ef53cc743 &lt;unknown&gt;
#6 0x556ef53a2533 &lt;unknown&gt;
#7 0x556ef53a3715 &lt;unknown&gt;
#8 0x556ef55cd7bd &lt;unknown&gt;
#9 0x556ef55d0bf9 &lt;unknown&gt;
#10 0x556ef55b2f2e &lt;unknown&gt;
#11 0x556ef55d19b3 &lt;unknown&gt;
#12 0x556ef55a6e4f &lt;unknown&gt;
#13 0x556ef55f0ea8 &lt;unknown&gt;
#14 0x556ef55f1052 &lt;unknown&gt;
#15 0x556ef560b71f &lt;unknown&gt;
#16 0x7fa0b9aa0609 &lt;unknown&gt;
">
      <![CDATA[org.openqa.selenium.WebDriverException: unknown error: cannot find Chrome binary
Build info: version: '3.141.59', revision: 'e82be7d358', time: '2018-11-14T08:17:03'
System info: host: 'ip-172-31-0-156', ip: '172.31.0.156', os.name: 'Linux', os.arch: 'amd64', os.version: '5.13.0-1029-aws', java.version: '1.8.0_342'
Driver info: driver.version: ChromeDriver
remote stacktrace: #0 0x556ef557d693 <unknown>
#1 0x556ef5376b0a <unknown>
#2 0x556ef539946e <unknown>
#3 0x556ef53971f4 <unknown>
#4 0x556ef53d2953 <unknown>
#5 0x556ef53cc743 <unknown>
#6 0x556ef53a2533 <unknown>
#7 0x556ef53a3715 <unknown>
#8 0x556ef55cd7bd <unknown>
#9 0x556ef55d0bf9 <unknown>
#10 0x556ef55b2f2e <unknown>
#11 0x556ef55d19b3 <unknown>
#12 0x556ef55a6e4f <unknown>
#13 0x556ef55f0ea8 <unknown>
#14 0x556ef55f1052 <unknown>
#15 0x556ef560b71f <unknown>
#16 0x7fa0b9aa0609 <unknown>

	at sun.reflect.NativeConstructorAccessorImpl.newInstance0(Native Method)
	at sun.reflect.NativeConstructorAccessorImpl.newInstance(NativeConstructorAccessorImpl.java:62)
	at sun.reflect.DelegatingConstructorAccessorImpl.newInstance(DelegatingConstructorAccessorImpl.java:45)
	at java.lang.reflect.Constructor.newInstance(Constructor.java:423)
	at org.openqa.selenium.remote.W3CHandshakeResponse.lambda$errorHandler$0(W3CHandshakeResponse.java:62)
	at org.openqa.selenium.remote.HandshakeResponse.lambda$getResponseFunction$0(HandshakeResponse.java:30)
	at org.openqa.selenium.remote.ProtocolHandshake.lambda$createSession$0(ProtocolHandshake.java:126)
	at java.util.stream.ReferencePipeline$3$1.accept(ReferencePipeline.java:193)
	at java.util.Spliterators$ArraySpliterator.tryAdvance(Spliterators.java:958)
	at java.util.stream.ReferencePipeline.forEachWithCancel(ReferencePipeline.java:126)
	at java.util.stream.AbstractPipeline.copyIntoWithCancel(AbstractPipeline.java:499)
	at java.util.stream.AbstractPipeline.copyInto(AbstractPipeline.java:486)
	at java.util.stream.AbstractPipeline.wrapAndCopyInto(AbstractPipeline.java:472)
	at java.util.stream.FindOps$FindOp.evaluateSequential(FindOps.java:152)
	at java.util.stream.AbstractPipeline.evaluate(AbstractPipeline.java:234)
	at java.util.stream.ReferencePipeline.findFirst(ReferencePipeline.java:531)
	at org.openqa.selenium.remote.ProtocolHandshake.createSession(ProtocolHandshake.java:128)
	at org.openqa.selenium.remote.ProtocolHandshake.createSession(ProtocolHandshake.java:74)
	at org.openqa.selenium.remote.HttpCommandExecutor.execute(HttpCommandExecutor.java:136)
	at org.openqa.selenium.remote.service.DriverCommandExecutor.execute(DriverCommandExecutor.java:83)
	at org.openqa.selenium.remote.RemoteWebDriver.execute(RemoteWebDriver.java:552)
	at org.openqa.selenium.remote.RemoteWebDriver.startSession(RemoteWebDriver.java:213)
	at org.openqa.selenium.remote.RemoteWebDriver.<init>(RemoteWebDriver.java:131)
	at org.openqa.selenium.chrome.ChromeDriver.<init>(ChromeDriver.java:181)
	at org.openqa.selenium.chrome.ChromeDriver.<init>(ChromeDriver.java:168)
	at org.openqa.selenium.chrome.ChromeDriver.<init>(ChromeDriver.java:123)
	at demoIntializer.Browser.LaunchBrowser(Browser.java:71)
	at DemoYouFactors.DemoYouFactors.UserLaunch.launch(UserLaunch.java:54)
	at sun.reflect.NativeMethodAccessorImpl.invoke0(Native Method)
	at sun.reflect.NativeMethodAccessorImpl.invoke(NativeMethodAccessorImpl.java:62)
	at sun.reflect.DelegatingMethodAccessorImpl.invoke(DelegatingMethodAccessorImpl.java:43)
	at java.lang.reflect.Method.invoke(Method.java:498)
	at org.testng.internal.MethodInvocationHelper.invokeMethod(MethodInvocationHelper.java:86)
	at org.testng.internal.Invoker.invokeConfigurationMethod(Invoker.java:514)
	at org.testng.internal.Invoker.invokeConfigurations(Invoker.java:215)
	at org.testng.internal.Invoker.invokeConfigurations(Invoker.java:142)
	at org.testng.internal.TestMethodWorker.invokeBeforeClassMethods(TestMethodWorker.java:178)
	at org.testng.internal.TestMethodWorker.run(TestMethodWorker.java:108)
	at org.testng.TestRunner.privateRun(TestRunner.java:782)
	at org.testng.TestRunner.run(TestRunner.java:632)
	at org.testng.SuiteRunner.runTest(SuiteRunner.java:366)
	at org.testng.SuiteRunner.runSequentially(SuiteRunner.java:361)
	at org.testng.SuiteRunner.privateRun(SuiteRunner.java:319)
	at org.testng.SuiteRunner.run(SuiteRunner.java:268)
	at org.testng.SuiteRunnerWorker.runSuite(SuiteRunnerWorker.java:52)
	at org.testng.SuiteRunnerWorker.run(SuiteRunnerWorker.java:86)
	at org.testng.TestNG.runSuitesSequentially(TestNG.java:1244)
	at org.testng.TestNG.runSuitesLocally(TestNG.java:1169)
	at org.testng.TestNG.run(TestNG.java:1064)
	at org.apache.maven.surefire.testng.TestNGExecutor.run(TestNGExecutor.java:295)
	at org.apache.maven.surefire.testng.TestNGXmlTestSuite.execute(TestNGXmlTestSuite.java:84)
	at org.apache.maven.surefire.testng.TestNGProvider.invoke(TestNGProvider.java:90)
	at org.apache.maven.surefire.booter.ForkedBooter.invokeProviderInSameClassLoader(ForkedBooter.java:203)
	at org.apache.maven.surefire.booter.ForkedBooter.runSuitesInProcess(ForkedBooter.java:155)
	at org.apache.maven.surefire.booter.ForkedBooter.main(ForkedBooter.java:103)
]]>
    </error>
  </testcase> <!-- AddUserAssignCourse -->
  <testcase name="AdminLogout" time="0.003" classname="DemoYouFactors.DemoYouFactors.UserLaunch">
    <error type="org.openqa.selenium.WebDriverException" message="unknown error: cannot find Chrome binary
Build info: version: &#039;3.141.59&#039;, revision: &#039;e82be7d358&#039;, time: &#039;2018-11-14T08:17:03&#039;
System info: host: &#039;ip-172-31-0-156&#039;, ip: &#039;172.31.0.156&#039;, os.name: &#039;Linux&#039;, os.arch: &#039;amd64&#039;, os.version: &#039;5.13.0-1029-aws&#039;, java.version: &#039;1.8.0_342&#039;
Driver info: driver.version: ChromeDriver
remote stacktrace: #0 0x556ef557d693 &lt;unknown&gt;
#1 0x556ef5376b0a &lt;unknown&gt;
#2 0x556ef539946e &lt;unknown&gt;
#3 0x556ef53971f4 &lt;unknown&gt;
#4 0x556ef53d2953 &lt;unknown&gt;
#5 0x556ef53cc743 &lt;unknown&gt;
#6 0x556ef53a2533 &lt;unknown&gt;
#7 0x556ef53a3715 &lt;unknown&gt;
#8 0x556ef55cd7bd &lt;unknown&gt;
#9 0x556ef55d0bf9 &lt;unknown&gt;
#10 0x556ef55b2f2e &lt;unknown&gt;
#11 0x556ef55d19b3 &lt;unknown&gt;
#12 0x556ef55a6e4f &lt;unknown&gt;
#13 0x556ef55f0ea8 &lt;unknown&gt;
#14 0x556ef55f1052 &lt;unknown&gt;
#15 0x556ef560b71f &lt;unknown&gt;
#16 0x7fa0b9aa0609 &lt;unknown&gt;
">
      <![CDATA[org.openqa.selenium.WebDriverException: unknown error: cannot find Chrome binary
Build info: version: '3.141.59', revision: 'e82be7d358', time: '2018-11-14T08:17:03'
System info: host: 'ip-172-31-0-156', ip: '172.31.0.156', os.name: 'Linux', os.arch: 'amd64', os.version: '5.13.0-1029-aws', java.version: '1.8.0_342'
Driver info: driver.version: ChromeDriver
remote stacktrace: #0 0x556ef557d693 <unknown>
#1 0x556ef5376b0a <unknown>
#2 0x556ef539946e <unknown>
#3 0x556ef53971f4 <unknown>
#4 0x556ef53d2953 <unknown>
#5 0x556ef53cc743 <unknown>
#6 0x556ef53a2533 <unknown>
#7 0x556ef53a3715 <unknown>
#8 0x556ef55cd7bd <unknown>
#9 0x556ef55d0bf9 <unknown>
#10 0x556ef55b2f2e <unknown>
#11 0x556ef55d19b3 <unknown>
#12 0x556ef55a6e4f <unknown>
#13 0x556ef55f0ea8 <unknown>
#14 0x556ef55f1052 <unknown>
#15 0x556ef560b71f <unknown>
#16 0x7fa0b9aa0609 <unknown>

	at sun.reflect.NativeConstructorAccessorImpl.newInstance0(Native Method)
	at sun.reflect.NativeConstructorAccessorImpl.newInstance(NativeConstructorAccessorImpl.java:62)
	at sun.reflect.DelegatingConstructorAccessorImpl.newInstance(DelegatingConstructorAccessorImpl.java:45)
	at java.lang.reflect.Constructor.newInstance(Constructor.java:423)
	at org.openqa.selenium.remote.W3CHandshakeResponse.lambda$errorHandler$0(W3CHandshakeResponse.java:62)
	at org.openqa.selenium.remote.HandshakeResponse.lambda$getResponseFunction$0(HandshakeResponse.java:30)
	at org.openqa.selenium.remote.ProtocolHandshake.lambda$createSession$0(ProtocolHandshake.java:126)
	at java.util.stream.ReferencePipeline$3$1.accept(ReferencePipeline.java:193)
	at java.util.Spliterators$ArraySpliterator.tryAdvance(Spliterators.java:958)
	at java.util.stream.ReferencePipeline.forEachWithCancel(ReferencePipeline.java:126)
	at java.util.stream.AbstractPipeline.copyIntoWithCancel(AbstractPipeline.java:499)
	at java.util.stream.AbstractPipeline.copyInto(AbstractPipeline.java:486)
	at java.util.stream.AbstractPipeline.wrapAndCopyInto(AbstractPipeline.java:472)
	at java.util.stream.FindOps$FindOp.evaluateSequential(FindOps.java:152)
	at java.util.stream.AbstractPipeline.evaluate(AbstractPipeline.java:234)
	at java.util.stream.ReferencePipeline.findFirst(ReferencePipeline.java:531)
	at org.openqa.selenium.remote.ProtocolHandshake.createSession(ProtocolHandshake.java:128)
	at org.openqa.selenium.remote.ProtocolHandshake.createSession(ProtocolHandshake.java:74)
	at org.openqa.selenium.remote.HttpCommandExecutor.execute(HttpCommandExecutor.java:136)
	at org.openqa.selenium.remote.service.DriverCommandExecutor.execute(DriverCommandExecutor.java:83)
	at org.openqa.selenium.remote.RemoteWebDriver.execute(RemoteWebDriver.java:552)
	at org.openqa.selenium.remote.RemoteWebDriver.startSession(RemoteWebDriver.java:213)
	at org.openqa.selenium.remote.RemoteWebDriver.<init>(RemoteWebDriver.java:131)
	at org.openqa.selenium.chrome.ChromeDriver.<init>(ChromeDriver.java:181)
	at org.openqa.selenium.chrome.ChromeDriver.<init>(ChromeDriver.java:168)
	at org.openqa.selenium.chrome.ChromeDriver.<init>(ChromeDriver.java:123)
	at demoIntializer.Browser.LaunchBrowser(Browser.java:71)
	at DemoYouFactors.DemoYouFactors.UserLaunch.launch(UserLaunch.java:54)
	at sun.reflect.NativeMethodAccessorImpl.invoke0(Native Method)
	at sun.reflect.NativeMethodAccessorImpl.invoke(NativeMethodAccessorImpl.java:62)
	at sun.reflect.DelegatingMethodAccessorImpl.invoke(DelegatingMethodAccessorImpl.java:43)
	at java.lang.reflect.Method.invoke(Method.java:498)
	at org.testng.internal.MethodInvocationHelper.invokeMethod(MethodInvocationHelper.java:86)
	at org.testng.internal.Invoker.invokeConfigurationMethod(Invoker.java:514)
	at org.testng.internal.Invoker.invokeConfigurations(Invoker.java:215)
	at org.testng.internal.Invoker.invokeConfigurations(Invoker.java:142)
	at org.testng.internal.TestMethodWorker.invokeBeforeClassMethods(TestMethodWorker.java:178)
	at org.testng.internal.TestMethodWorker.run(TestMethodWorker.java:108)
	at org.testng.TestRunner.privateRun(TestRunner.java:782)
	at org.testng.TestRunner.run(TestRunner.java:632)
	at org.testng.SuiteRunner.runTest(SuiteRunner.java:366)
	at org.testng.SuiteRunner.runSequentially(SuiteRunner.java:361)
	at org.testng.SuiteRunner.privateRun(SuiteRunner.java:319)
	at org.testng.SuiteRunner.run(SuiteRunner.java:268)
	at org.testng.SuiteRunnerWorker.runSuite(SuiteRunnerWorker.java:52)
	at org.testng.SuiteRunnerWorker.run(SuiteRunnerWorker.java:86)
	at org.testng.TestNG.runSuitesSequentially(TestNG.java:1244)
	at org.testng.TestNG.runSuitesLocally(TestNG.java:1169)
	at org.testng.TestNG.run(TestNG.java:1064)
	at org.apache.maven.surefire.testng.TestNGExecutor.run(TestNGExecutor.java:295)
	at org.apache.maven.surefire.testng.TestNGXmlTestSuite.execute(TestNGXmlTestSuite.java:84)
	at org.apache.maven.surefire.testng.TestNGProvider.invoke(TestNGProvider.java:90)
	at org.apache.maven.surefire.booter.ForkedBooter.invokeProviderInSameClassLoader(ForkedBooter.java:203)
	at org.apache.maven.surefire.booter.ForkedBooter.runSuitesInProcess(ForkedBooter.java:155)
	at org.apache.maven.surefire.booter.ForkedBooter.main(ForkedBooter.java:103)
]]>
    </error>
  </testcase> <!-- AdminLogout -->
  <testcase name="UserCourseComplete" time="0.001" classname="DemoYouFactors.DemoYouFactors.UserLaunch">
    <error type="org.openqa.selenium.WebDriverException" message="unknown error: cannot find Chrome binary
Build info: version: &#039;3.141.59&#039;, revision: &#039;e82be7d358&#039;, time: &#039;2018-11-14T08:17:03&#039;
System info: host: &#039;ip-172-31-0-156&#039;, ip: &#039;172.31.0.156&#039;, os.name: &#039;Linux&#039;, os.arch: &#039;amd64&#039;, os.version: &#039;5.13.0-1029-aws&#039;, java.version: &#039;1.8.0_342&#039;
Driver info: driver.version: ChromeDriver
remote stacktrace: #0 0x556ef557d693 &lt;unknown&gt;
#1 0x556ef5376b0a &lt;unknown&gt;
#2 0x556ef539946e &lt;unknown&gt;
#3 0x556ef53971f4 &lt;unknown&gt;
#4 0x556ef53d2953 &lt;unknown&gt;
#5 0x556ef53cc743 &lt;unknown&gt;
#6 0x556ef53a2533 &lt;unknown&gt;
#7 0x556ef53a3715 &lt;unknown&gt;
#8 0x556ef55cd7bd &lt;unknown&gt;
#9 0x556ef55d0bf9 &lt;unknown&gt;
#10 0x556ef55b2f2e &lt;unknown&gt;
#11 0x556ef55d19b3 &lt;unknown&gt;
#12 0x556ef55a6e4f &lt;unknown&gt;
#13 0x556ef55f0ea8 &lt;unknown&gt;
#14 0x556ef55f1052 &lt;unknown&gt;
#15 0x556ef560b71f &lt;unknown&gt;
#16 0x7fa0b9aa0609 &lt;unknown&gt;
">
      <![CDATA[org.openqa.selenium.WebDriverException: unknown error: cannot find Chrome binary
Build info: version: '3.141.59', revision: 'e82be7d358', time: '2018-11-14T08:17:03'
System info: host: 'ip-172-31-0-156', ip: '172.31.0.156', os.name: 'Linux', os.arch: 'amd64', os.version: '5.13.0-1029-aws', java.version: '1.8.0_342'
Driver info: driver.version: ChromeDriver
remote stacktrace: #0 0x556ef557d693 <unknown>
#1 0x556ef5376b0a <unknown>
#2 0x556ef539946e <unknown>
#3 0x556ef53971f4 <unknown>
#4 0x556ef53d2953 <unknown>
#5 0x556ef53cc743 <unknown>
#6 0x556ef53a2533 <unknown>
#7 0x556ef53a3715 <unknown>
#8 0x556ef55cd7bd <unknown>
#9 0x556ef55d0bf9 <unknown>
#10 0x556ef55b2f2e <unknown>
#11 0x556ef55d19b3 <unknown>
#12 0x556ef55a6e4f <unknown>
#13 0x556ef55f0ea8 <unknown>
#14 0x556ef55f1052 <unknown>
#15 0x556ef560b71f <unknown>
#16 0x7fa0b9aa0609 <unknown>

	at sun.reflect.NativeConstructorAccessorImpl.newInstance0(Native Method)
	at sun.reflect.NativeConstructorAccessorImpl.newInstance(NativeConstructorAccessorImpl.java:62)
	at sun.reflect.DelegatingConstructorAccessorImpl.newInstance(DelegatingConstructorAccessorImpl.java:45)
	at java.lang.reflect.Constructor.newInstance(Constructor.java:423)
	at org.openqa.selenium.remote.W3CHandshakeResponse.lambda$errorHandler$0(W3CHandshakeResponse.java:62)
	at org.openqa.selenium.remote.HandshakeResponse.lambda$getResponseFunction$0(HandshakeResponse.java:30)
	at org.openqa.selenium.remote.ProtocolHandshake.lambda$createSession$0(ProtocolHandshake.java:126)
	at java.util.stream.ReferencePipeline$3$1.accept(ReferencePipeline.java:193)
	at java.util.Spliterators$ArraySpliterator.tryAdvance(Spliterators.java:958)
	at java.util.stream.ReferencePipeline.forEachWithCancel(ReferencePipeline.java:126)
	at java.util.stream.AbstractPipeline.copyIntoWithCancel(AbstractPipeline.java:499)
	at java.util.stream.AbstractPipeline.copyInto(AbstractPipeline.java:486)
	at java.util.stream.AbstractPipeline.wrapAndCopyInto(AbstractPipeline.java:472)
	at java.util.stream.FindOps$FindOp.evaluateSequential(FindOps.java:152)
	at java.util.stream.AbstractPipeline.evaluate(AbstractPipeline.java:234)
	at java.util.stream.ReferencePipeline.findFirst(ReferencePipeline.java:531)
	at org.openqa.selenium.remote.ProtocolHandshake.createSession(ProtocolHandshake.java:128)
	at org.openqa.selenium.remote.ProtocolHandshake.createSession(ProtocolHandshake.java:74)
	at org.openqa.selenium.remote.HttpCommandExecutor.execute(HttpCommandExecutor.java:136)
	at org.openqa.selenium.remote.service.DriverCommandExecutor.execute(DriverCommandExecutor.java:83)
	at org.openqa.selenium.remote.RemoteWebDriver.execute(RemoteWebDriver.java:552)
	at org.openqa.selenium.remote.RemoteWebDriver.startSession(RemoteWebDriver.java:213)
	at org.openqa.selenium.remote.RemoteWebDriver.<init>(RemoteWebDriver.java:131)
	at org.openqa.selenium.chrome.ChromeDriver.<init>(ChromeDriver.java:181)
	at org.openqa.selenium.chrome.ChromeDriver.<init>(ChromeDriver.java:168)
	at org.openqa.selenium.chrome.ChromeDriver.<init>(ChromeDriver.java:123)
	at demoIntializer.Browser.LaunchBrowser(Browser.java:71)
	at DemoYouFactors.DemoYouFactors.UserLaunch.launch(UserLaunch.java:54)
	at sun.reflect.NativeMethodAccessorImpl.invoke0(Native Method)
	at sun.reflect.NativeMethodAccessorImpl.invoke(NativeMethodAccessorImpl.java:62)
	at sun.reflect.DelegatingMethodAccessorImpl.invoke(DelegatingMethodAccessorImpl.java:43)
	at java.lang.reflect.Method.invoke(Method.java:498)
	at org.testng.internal.MethodInvocationHelper.invokeMethod(MethodInvocationHelper.java:86)
	at org.testng.internal.Invoker.invokeConfigurationMethod(Invoker.java:514)
	at org.testng.internal.Invoker.invokeConfigurations(Invoker.java:215)
	at org.testng.internal.Invoker.invokeConfigurations(Invoker.java:142)
	at org.testng.internal.TestMethodWorker.invokeBeforeClassMethods(TestMethodWorker.java:178)
	at org.testng.internal.TestMethodWorker.run(TestMethodWorker.java:108)
	at org.testng.TestRunner.privateRun(TestRunner.java:782)
	at org.testng.TestRunner.run(TestRunner.java:632)
	at org.testng.SuiteRunner.runTest(SuiteRunner.java:366)
	at org.testng.SuiteRunner.runSequentially(SuiteRunner.java:361)
	at org.testng.SuiteRunner.privateRun(SuiteRunner.java:319)
	at org.testng.SuiteRunner.run(SuiteRunner.java:268)
	at org.testng.SuiteRunnerWorker.runSuite(SuiteRunnerWorker.java:52)
	at org.testng.SuiteRunnerWorker.run(SuiteRunnerWorker.java:86)
	at org.testng.TestNG.runSuitesSequentially(TestNG.java:1244)
	at org.testng.TestNG.runSuitesLocally(TestNG.java:1169)
	at org.testng.TestNG.run(TestNG.java:1064)
	at org.apache.maven.surefire.testng.TestNGExecutor.run(TestNGExecutor.java:295)
	at org.apache.maven.surefire.testng.TestNGXmlTestSuite.execute(TestNGXmlTestSuite.java:84)
	at org.apache.maven.surefire.testng.TestNGProvider.invoke(TestNGProvider.java:90)
	at org.apache.maven.surefire.booter.ForkedBooter.invokeProviderInSameClassLoader(ForkedBooter.java:203)
	at org.apache.maven.surefire.booter.ForkedBooter.runSuitesInProcess(ForkedBooter.java:155)
	at org.apache.maven.surefire.booter.ForkedBooter.main(ForkedBooter.java:103)
]]>
    </error>
  </testcase> <!-- UserCourseComplete -->
  <testcase name="ALogin" time="0.001" classname="DemoYouFactors.DemoYouFactors.UserLaunch">
    <error type="org.openqa.selenium.WebDriverException" message="unknown error: cannot find Chrome binary
Build info: version: &#039;3.141.59&#039;, revision: &#039;e82be7d358&#039;, time: &#039;2018-11-14T08:17:03&#039;
System info: host: &#039;ip-172-31-0-156&#039;, ip: &#039;172.31.0.156&#039;, os.name: &#039;Linux&#039;, os.arch: &#039;amd64&#039;, os.version: &#039;5.13.0-1029-aws&#039;, java.version: &#039;1.8.0_342&#039;
Driver info: driver.version: ChromeDriver
remote stacktrace: #0 0x556ef557d693 &lt;unknown&gt;
#1 0x556ef5376b0a &lt;unknown&gt;
#2 0x556ef539946e &lt;unknown&gt;
#3 0x556ef53971f4 &lt;unknown&gt;
#4 0x556ef53d2953 &lt;unknown&gt;
#5 0x556ef53cc743 &lt;unknown&gt;
#6 0x556ef53a2533 &lt;unknown&gt;
#7 0x556ef53a3715 &lt;unknown&gt;
#8 0x556ef55cd7bd &lt;unknown&gt;
#9 0x556ef55d0bf9 &lt;unknown&gt;
#10 0x556ef55b2f2e &lt;unknown&gt;
#11 0x556ef55d19b3 &lt;unknown&gt;
#12 0x556ef55a6e4f &lt;unknown&gt;
#13 0x556ef55f0ea8 &lt;unknown&gt;
#14 0x556ef55f1052 &lt;unknown&gt;
#15 0x556ef560b71f &lt;unknown&gt;
#16 0x7fa0b9aa0609 &lt;unknown&gt;
">
      <![CDATA[org.openqa.selenium.WebDriverException: unknown error: cannot find Chrome binary
Build info: version: '3.141.59', revision: 'e82be7d358', time: '2018-11-14T08:17:03'
System info: host: 'ip-172-31-0-156', ip: '172.31.0.156', os.name: 'Linux', os.arch: 'amd64', os.version: '5.13.0-1029-aws', java.version: '1.8.0_342'
Driver info: driver.version: ChromeDriver
remote stacktrace: #0 0x556ef557d693 <unknown>
#1 0x556ef5376b0a <unknown>
#2 0x556ef539946e <unknown>
#3 0x556ef53971f4 <unknown>
#4 0x556ef53d2953 <unknown>
#5 0x556ef53cc743 <unknown>
#6 0x556ef53a2533 <unknown>
#7 0x556ef53a3715 <unknown>
#8 0x556ef55cd7bd <unknown>
#9 0x556ef55d0bf9 <unknown>
#10 0x556ef55b2f2e <unknown>
#11 0x556ef55d19b3 <unknown>
#12 0x556ef55a6e4f <unknown>
#13 0x556ef55f0ea8 <unknown>
#14 0x556ef55f1052 <unknown>
#15 0x556ef560b71f <unknown>
#16 0x7fa0b9aa0609 <unknown>

	at sun.reflect.NativeConstructorAccessorImpl.newInstance0(Native Method)
	at sun.reflect.NativeConstructorAccessorImpl.newInstance(NativeConstructorAccessorImpl.java:62)
	at sun.reflect.DelegatingConstructorAccessorImpl.newInstance(DelegatingConstructorAccessorImpl.java:45)
	at java.lang.reflect.Constructor.newInstance(Constructor.java:423)
	at org.openqa.selenium.remote.W3CHandshakeResponse.lambda$errorHandler$0(W3CHandshakeResponse.java:62)
	at org.openqa.selenium.remote.HandshakeResponse.lambda$getResponseFunction$0(HandshakeResponse.java:30)
	at org.openqa.selenium.remote.ProtocolHandshake.lambda$createSession$0(ProtocolHandshake.java:126)
	at java.util.stream.ReferencePipeline$3$1.accept(ReferencePipeline.java:193)
	at java.util.Spliterators$ArraySpliterator.tryAdvance(Spliterators.java:958)
	at java.util.stream.ReferencePipeline.forEachWithCancel(ReferencePipeline.java:126)
	at java.util.stream.AbstractPipeline.copyIntoWithCancel(AbstractPipeline.java:499)
	at java.util.stream.AbstractPipeline.copyInto(AbstractPipeline.java:486)
	at java.util.stream.AbstractPipeline.wrapAndCopyInto(AbstractPipeline.java:472)
	at java.util.stream.FindOps$FindOp.evaluateSequential(FindOps.java:152)
	at java.util.stream.AbstractPipeline.evaluate(AbstractPipeline.java:234)
	at java.util.stream.ReferencePipeline.findFirst(ReferencePipeline.java:531)
	at org.openqa.selenium.remote.ProtocolHandshake.createSession(ProtocolHandshake.java:128)
	at org.openqa.selenium.remote.ProtocolHandshake.createSession(ProtocolHandshake.java:74)
	at org.openqa.selenium.remote.HttpCommandExecutor.execute(HttpCommandExecutor.java:136)
	at org.openqa.selenium.remote.service.DriverCommandExecutor.execute(DriverCommandExecutor.java:83)
	at org.openqa.selenium.remote.RemoteWebDriver.execute(RemoteWebDriver.java:552)
	at org.openqa.selenium.remote.RemoteWebDriver.startSession(RemoteWebDriver.java:213)
	at org.openqa.selenium.remote.RemoteWebDriver.<init>(RemoteWebDriver.java:131)
	at org.openqa.selenium.chrome.ChromeDriver.<init>(ChromeDriver.java:181)
	at org.openqa.selenium.chrome.ChromeDriver.<init>(ChromeDriver.java:168)
	at org.openqa.selenium.chrome.ChromeDriver.<init>(ChromeDriver.java:123)
	at demoIntializer.Browser.LaunchBrowser(Browser.java:71)
	at DemoYouFactors.DemoYouFactors.UserLaunch.launch(UserLaunch.java:54)
	at sun.reflect.NativeMethodAccessorImpl.invoke0(Native Method)
	at sun.reflect.NativeMethodAccessorImpl.invoke(NativeMethodAccessorImpl.java:62)
	at sun.reflect.DelegatingMethodAccessorImpl.invoke(DelegatingMethodAccessorImpl.java:43)
	at java.lang.reflect.Method.invoke(Method.java:498)
	at org.testng.internal.MethodInvocationHelper.invokeMethod(MethodInvocationHelper.java:86)
	at org.testng.internal.Invoker.invokeConfigurationMethod(Invoker.java:514)
	at org.testng.internal.Invoker.invokeConfigurations(Invoker.java:215)
	at org.testng.internal.Invoker.invokeConfigurations(Invoker.java:142)
	at org.testng.internal.TestMethodWorker.invokeBeforeClassMethods(TestMethodWorker.java:178)
	at org.testng.internal.TestMethodWorker.run(TestMethodWorker.java:108)
	at org.testng.TestRunner.privateRun(TestRunner.java:782)
	at org.testng.TestRunner.run(TestRunner.java:632)
	at org.testng.SuiteRunner.runTest(SuiteRunner.java:366)
	at org.testng.SuiteRunner.runSequentially(SuiteRunner.java:361)
	at org.testng.SuiteRunner.privateRun(SuiteRunner.java:319)
	at org.testng.SuiteRunner.run(SuiteRunner.java:268)
	at org.testng.SuiteRunnerWorker.runSuite(SuiteRunnerWorker.java:52)
	at org.testng.SuiteRunnerWorker.run(SuiteRunnerWorker.java:86)
	at org.testng.TestNG.runSuitesSequentially(TestNG.java:1244)
	at org.testng.TestNG.runSuitesLocally(TestNG.java:1169)
	at org.testng.TestNG.run(TestNG.java:1064)
	at org.apache.maven.surefire.testng.TestNGExecutor.run(TestNGExecutor.java:295)
	at org.apache.maven.surefire.testng.TestNGXmlTestSuite.execute(TestNGXmlTestSuite.java:84)
	at org.apache.maven.surefire.testng.TestNGProvider.invoke(TestNGProvider.java:90)
	at org.apache.maven.surefire.booter.ForkedBooter.invokeProviderInSameClassLoader(ForkedBooter.java:203)
	at org.apache.maven.surefire.booter.ForkedBooter.runSuitesInProcess(ForkedBooter.java:155)
	at org.apache.maven.surefire.booter.ForkedBooter.main(ForkedBooter.java:103)
]]>
    </error>
  </testcase> <!-- ALogin -->
</testsuite> <!-- DemoYouFactors.DemoYouFactors.UserLaunch -->
